<?xml version="1.0" encoding="UTF-8"?>
<!-- Generated by org.testng.reporters.JUnitXMLReporter -->
<testsuite ignored="0" hostname="7L0S402" failures="0" tests="9" name="dotDashTodo" time="51.48" errors="0" timestamp="20 Apr 2018 15:38:54 GMT">
  <testcase classname="test.todo.scenario.TodoScenario_simple" name="launchBrowserAndURL" time="7.048"/>
  <testcase classname="test.todo.scenario.TodoScenario_simple" name="addTask" time="12.017"/>
  <testcase classname="test.todo.scenario.TodoScenario_simple" name="completeTask" time="5.207"/>
  <testcase classname="test.todo.scenario.TodoScenario_simple" name="removeTask" time="5.245"/>
  <testcase classname="test.todo.scenario.TodoScenario_simple" name="incompleteTask" time="5.205"/>
  <testcase classname="test.todo.scenario.TodoScenario_simple" name="countTask" time="0.145"/>
  <testcase classname="test.todo.scenario.TodoScenario_simple" name="toggleAll" time="7.471"/>
  <testcase classname="test.todo.scenario.TodoScenario_simple" name="removeMoreThanOneTask" time="5.291"/>
  <testcase classname="test.todo.scenario.TodoScenario_simple" name="quiiteBrowser" time="3.769"/>
</testsuite> <!-- dotDashTodo -->
