<?xml version="1.0" encoding="UTF-8"?>
<!-- Generated by org.testng.reporters.JUnitXMLReporter -->
<testsuite ignored="0" hostname="7L0S402" failures="0" tests="9" name="Default test" time="51.735" errors="0" timestamp="20 Apr 2018 05:03:54 GMT">
  <testcase classname="test.todo.scenario.TodoScenario_simple" name="launchBrowserAndURL" time="7.182"/>
  <testcase classname="test.todo.scenario.TodoScenario_simple" name="addTask" time="12.002"/>
  <testcase classname="test.todo.scenario.TodoScenario_simple" name="completeTask" time="5.261"/>
  <testcase classname="test.todo.scenario.TodoScenario_simple" name="removeTask" time="5.299"/>
  <testcase classname="test.todo.scenario.TodoScenario_simple" name="incompleteTask" time="5.226"/>
  <testcase classname="test.todo.scenario.TodoScenario_simple" name="countTask" time="0.124"/>
  <testcase classname="test.todo.scenario.TodoScenario_simple" name="toggleAll" time="7.451"/>
  <testcase classname="test.todo.scenario.TodoScenario_simple" name="removeMoreThanOneTask" time="5.322"/>
  <testcase classname="test.todo.scenario.TodoScenario_simple" name="quiiteBrowser" time="3.806"/>
</testsuite> <!-- Default test -->
